0 info it worked if it ends with ok
1 verbose cli [ '/usr/local/bin/node',
1 verbose cli   '/usr/local/bin/npm',
1 verbose cli   'run',
1 verbose cli   'dev:fechamentoMensal' ]
2 info using npm@3.10.10
3 info using node@v6.17.1
4 verbose run-script [ 'predev:fechamentoMensal',
4 verbose run-script   'dev:fechamentoMensal',
4 verbose run-script   'postdev:fechamentoMensal' ]
5 info lifecycle emails@1.0.0~predev:fechamentoMensal: emails@1.0.0
6 silly lifecycle emails@1.0.0~predev:fechamentoMensal: no script for predev:fechamentoMensal, continuing
7 info lifecycle emails@1.0.0~dev:fechamentoMensal: emails@1.0.0
8 verbose lifecycle emails@1.0.0~dev:fechamentoMensal: unsafe-perm in lifecycle true
9 verbose lifecycle emails@1.0.0~dev:fechamentoMensal: PATH: /usr/local/lib/node_modules/npm/bin/node-gyp-bin:/Users/raphaelviegas/Programação/Trabalho/Salas/emails/node_modules/.bin:/usr/local/bin:/usr/bin:/bin:/usr/sbin:/sbin:/Users/raphaelviegas/.zinit/polaris/bin
10 verbose lifecycle emails@1.0.0~dev:fechamentoMensal: CWD: /Users/raphaelviegas/Programação/Trabalho/Salas/emails
11 silly lifecycle emails@1.0.0~dev:fechamentoMensal: Args: [ '-c',
11 silly lifecycle   'nunjucks templates/fechamentoMensal.njk data/fechamentoMensal.json --out build --watch' ]
12 silly lifecycle emails@1.0.0~dev:fechamentoMensal: Returned: code: 1  signal: null
13 info lifecycle emails@1.0.0~dev:fechamentoMensal: Failed to exec dev:fechamentoMensal script
14 verbose stack Error: emails@1.0.0 dev:fechamentoMensal: `nunjucks templates/fechamentoMensal.njk data/fechamentoMensal.json --out build --watch`
14 verbose stack Exit status 1
14 verbose stack     at EventEmitter.<anonymous> (/usr/local/lib/node_modules/npm/lib/utils/lifecycle.js:255:16)
14 verbose stack     at emitTwo (events.js:106:13)
14 verbose stack     at EventEmitter.emit (events.js:191:7)
14 verbose stack     at ChildProcess.<anonymous> (/usr/local/lib/node_modules/npm/lib/utils/spawn.js:40:14)
14 verbose stack     at emitTwo (events.js:106:13)
14 verbose stack     at ChildProcess.emit (events.js:191:7)
14 verbose stack     at maybeClose (internal/child_process.js:920:16)
14 verbose stack     at Process.ChildProcess._handle.onexit (internal/child_process.js:230:5)
15 verbose pkgid emails@1.0.0
16 verbose cwd /Users/raphaelviegas/Programação/Trabalho/Salas/emails
17 error Darwin 18.7.0
18 error argv "/usr/local/bin/node" "/usr/local/bin/npm" "run" "dev:fechamentoMensal"
19 error node v6.17.1
20 error npm  v3.10.10
21 error code ELIFECYCLE
22 error emails@1.0.0 dev:fechamentoMensal: `nunjucks templates/fechamentoMensal.njk data/fechamentoMensal.json --out build --watch`
22 error Exit status 1
23 error Failed at the emails@1.0.0 dev:fechamentoMensal script 'nunjucks templates/fechamentoMensal.njk data/fechamentoMensal.json --out build --watch'.
23 error Make sure you have the latest version of node.js and npm installed.
23 error If you do, this is most likely a problem with the emails package,
23 error not with npm itself.
23 error Tell the author that this fails on your system:
23 error     nunjucks templates/fechamentoMensal.njk data/fechamentoMensal.json --out build --watch
23 error You can get information on how to open an issue for this project with:
23 error     npm bugs emails
23 error Or if that isn't available, you can get their info via:
23 error     npm owner ls emails
23 error There is likely additional logging output above.
24 verbose exit [ 1, true ]
